build/app/intermediates/manifest_merge_blame_file/release/manifest-merger-blame-release-report.txt
1<?xml version="1.0" encoding="utf-8"?>
2<manifest xmlns:android="http://schemas.android.com/apk/res/android"
3    package="www.ahecounselling.com.ahbms"
4    android:versionCode="1"
5    android:versionName="1.0.1" >
6
7    <uses-sdk
8        android:minSdkVersion="19"
8-->src\main\AndroidManifest.xml
9        android:targetSdkVersion="33" />
9-->src\main\AndroidManifest.xml
10
11    <uses-permission android:name="android.permission.INTERNET" />
11-->src\main\AndroidManifest.xml:3:5-67
11-->src\main\AndroidManifest.xml:3:22-64
12    <uses-permission android:name="android.permission.USE_FINGERPRINT" />
12-->src\main\AndroidManifest.xml:4:5-74
12-->src\main\AndroidManifest.xml:4:22-71
13    <uses-permission android:name="ANDROID.PERMISSION.READ_EXTERNAL_STORAGE" />
13-->src\main\AndroidManifest.xml:5:5-79
13-->src\main\AndroidManifest.xml:5:22-77
14    <uses-permission android:name="ANDROID.PERMISSION.WRITE_EXTERNAL_STORAGE" />
14-->src\main\AndroidManifest.xml:6:5-80
14-->src\main\AndroidManifest.xml:6:22-78
15    <uses-permission android:name="ANDROID.PERMISSION.ACCESS_MEDIA_LOCATION" />
15-->src\main\AndroidManifest.xml:7:5-79
15-->src\main\AndroidManifest.xml:7:22-77
16    <!-- Provide required visibility configuration for API level 30 and above -->
17    <queries>
17-->src\main\AndroidManifest.xml:9:5-17:15
18
19        <!-- If your app checks for SMS support -->
20
21
22        <!-- If your app checks for call support -->
23        <intent>
23-->src\main\AndroidManifest.xml:13:6-16:15
24            <action android:name="android.intent.action.VIEW" />
24-->src\main\AndroidManifest.xml:14:7-59
24-->src\main\AndroidManifest.xml:14:15-56
25
26            <data android:scheme="tel" />
26-->src\main\AndroidManifest.xml:15:7-36
26-->src\main\AndroidManifest.xml:15:13-33
27        </intent>
28        <intent>
28-->[:file_picker] AndroidManifest.xml:12:9-16:18
29            <action android:name="android.intent.action.GET_CONTENT" />
29-->[:file_picker] AndroidManifest.xml:13:13-72
29-->[:file_picker] AndroidManifest.xml:13:21-69
30
31            <data android:mimeType="*/*" />
31-->src\main\AndroidManifest.xml:15:7-36
32        </intent>
33    </queries>
34
35    <uses-permission android:name="android.permission.WAKE_LOCK" />
35-->[:firebase_messaging] AndroidManifest.xml:10:5-68
35-->[:firebase_messaging] AndroidManifest.xml:10:22-65
36    <uses-permission android:name="android.permission.ACCESS_NETWORK_STATE" /> <!-- Permissions options for the `notification` group -->
36-->[:firebase_messaging] AndroidManifest.xml:11:5-79
36-->[:firebase_messaging] AndroidManifest.xml:11:22-76
37    <uses-permission android:name="android.permission.POST_NOTIFICATIONS" />
37-->[:firebase_messaging] AndroidManifest.xml:13:5-77
37-->[:firebase_messaging] AndroidManifest.xml:13:22-74
38    <uses-permission android:name="android.permission.READ_EXTERNAL_STORAGE" />
38-->[:file_picker] AndroidManifest.xml:9:5-80
38-->[:file_picker] AndroidManifest.xml:9:22-77
39    <uses-permission android:name="android.permission.USE_BIOMETRIC" /> <!-- Required by older versions of Google Play services to create IID tokens -->
39-->[:local_auth_android] AndroidManifest.xml:9:5-72
39-->[:local_auth_android] AndroidManifest.xml:9:22-69
40    <uses-permission android:name="com.google.android.c2dm.permission.RECEIVE" />
40-->[com.google.firebase:firebase-iid:21.1.0] AndroidManifest.xml:26:5-82
40-->[com.google.firebase:firebase-iid:21.1.0] AndroidManifest.xml:26:22-79
41
42    <application
43        android:name="android.app.Application"
43-->src\main\AndroidManifest.xml:20:9-42
44        android:appComponentFactory="androidx.core.app.CoreComponentFactory"
44-->[androidx.core:core:1.8.0] AndroidManifest.xml:24:18-86
45        android:icon="@mipmap/ic_launcher"
45-->src\main\AndroidManifest.xml:21:9-43
46        android:label="AHBMS"
46-->src\main\AndroidManifest.xml:19:9-30
47        android:usesCleartextTraffic="true" >
47-->src\main\AndroidManifest.xml:22:9-44
48        <activity
48-->src\main\AndroidManifest.xml:23:9-50:20
49            android:name="com.a2groups.ahbmss.MainActivity"
49-->src\main\AndroidManifest.xml:24:13-41
50            android:configChanges="orientation|keyboardHidden|keyboard|screenSize|smallestScreenSize|locale|layoutDirection|fontScale|screenLayout|density|uiMode"
50-->src\main\AndroidManifest.xml:28:13-163
51            android:exported="true"
51-->src\main\AndroidManifest.xml:25:13-36
52            android:hardwareAccelerated="true"
52-->src\main\AndroidManifest.xml:29:13-47
53            android:launchMode="singleTop"
53-->src\main\AndroidManifest.xml:26:13-43
54            android:theme="@style/LaunchTheme"
54-->src\main\AndroidManifest.xml:27:13-47
55            android:windowSoftInputMode="adjustResize" >
55-->src\main\AndroidManifest.xml:30:13-55
56
57            <!--
58                 Specifies an Android theme to apply to this Activity as soon as
59                 the Android process has started. This theme is visible to the user
60                 while the Flutter UI initializes. After that, this theme continues
61                 to determine the Window background behind the Flutter UI.
62            -->
63            <meta-data
63-->src\main\AndroidManifest.xml:35:13-38:17
64                android:name="io.flutter.embedding.android.NormalTheme"
64-->src\main\AndroidManifest.xml:36:15-70
65                android:resource="@style/NormalTheme" />
65-->src\main\AndroidManifest.xml:37:15-52
66            <!-- Provide required visibility configuration for API level 30 and above -->
67
68            <intent-filter>
68-->src\main\AndroidManifest.xml:41:13-49:29
69                <data android:scheme="db-ih12s882m849rfo" />
69-->src\main\AndroidManifest.xml:15:7-36
69-->src\main\AndroidManifest.xml:15:13-33
70
71                <action android:name="android.intent.action.VIEW" />
71-->src\main\AndroidManifest.xml:14:7-59
71-->src\main\AndroidManifest.xml:14:15-56
72                <action android:name="android.intent.action.MAIN" />
72-->src\main\AndroidManifest.xml:45:17-68
72-->src\main\AndroidManifest.xml:45:25-66
73
74                <category android:name="android.intent.category.LAUNCHER" />
74-->src\main\AndroidManifest.xml:46:17-76
74-->src\main\AndroidManifest.xml:46:27-74
75                <category android:name="android.intent.category.BROWSABLE" />
75-->src\main\AndroidManifest.xml:47:17-78
75-->src\main\AndroidManifest.xml:47:27-75
76                <category android:name="android.intent.category.DEFAULT" />
76-->src\main\AndroidManifest.xml:48:13-72
76-->src\main\AndroidManifest.xml:48:23-69
77            </intent-filter>
78        </activity>
79        <!--
80             Don't delete the meta-data below.
81             This is used by the Flutter tool to generate GeneratedPluginRegistrant.java
82        -->
83        <meta-data
83-->src\main\AndroidManifest.xml:53:9-55:33
84            android:name="flutterEmbedding"
84-->src\main\AndroidManifest.xml:54:13-44
85            android:value="2" />
85-->src\main\AndroidManifest.xml:55:13-30
86
87        <service
87-->[:firebase_messaging] AndroidManifest.xml:16:9-19:72
88            android:name="io.flutter.plugins.firebase.messaging.FlutterFirebaseMessagingBackgroundService"
88-->[:firebase_messaging] AndroidManifest.xml:17:13-107
89            android:exported="false"
89-->[:firebase_messaging] AndroidManifest.xml:18:13-37
90            android:permission="android.permission.BIND_JOB_SERVICE" />
90-->[:firebase_messaging] AndroidManifest.xml:19:13-69
91        <service
91-->[:firebase_messaging] AndroidManifest.xml:20:9-26:19
92            android:name="io.flutter.plugins.firebase.messaging.FlutterFirebaseMessagingService"
92-->[:firebase_messaging] AndroidManifest.xml:21:13-97
93            android:exported="false" >
93-->[:firebase_messaging] AndroidManifest.xml:22:13-37
94            <intent-filter>
94-->[:firebase_messaging] AndroidManifest.xml:23:13-25:29
95                <action android:name="com.google.firebase.MESSAGING_EVENT" />
95-->[:firebase_messaging] AndroidManifest.xml:24:17-78
95-->[:firebase_messaging] AndroidManifest.xml:24:25-75
96            </intent-filter>
97        </service>
98
99        <receiver
99-->[:firebase_messaging] AndroidManifest.xml:28:9-35:20
100            android:name="io.flutter.plugins.firebase.messaging.FlutterFirebaseMessagingReceiver"
100-->[:firebase_messaging] AndroidManifest.xml:29:13-98
101            android:exported="true"
101-->[:firebase_messaging] AndroidManifest.xml:30:13-36
102            android:permission="com.google.android.c2dm.permission.SEND" >
102-->[:firebase_messaging] AndroidManifest.xml:31:13-73
103            <intent-filter>
103-->[:firebase_messaging] AndroidManifest.xml:32:13-34:29
104                <action android:name="com.google.android.c2dm.intent.RECEIVE" />
104-->[:firebase_messaging] AndroidManifest.xml:33:17-81
104-->[:firebase_messaging] AndroidManifest.xml:33:25-78
105            </intent-filter>
106        </receiver>
107
108        <service
108-->[:firebase_messaging] AndroidManifest.xml:37:9-41:19
109            android:name="com.google.firebase.components.ComponentDiscoveryService"
109-->[:firebase_messaging] AndroidManifest.xml:37:18-89
110            android:directBootAware="true"
110-->[com.google.firebase:firebase-common:20.2.0] AndroidManifest.xml:34:13-43
111            android:exported="false" >
111-->[com.google.firebase:firebase-iid:21.1.0] AndroidManifest.xml:31:13-37
112            <meta-data
112-->[:firebase_messaging] AndroidManifest.xml:38:13-40:85
113                android:name="com.google.firebase.components:io.flutter.plugins.firebase.messaging.FlutterFirebaseAppRegistrar"
113-->[:firebase_messaging] AndroidManifest.xml:39:17-128
114                android:value="com.google.firebase.components.ComponentRegistrar" />
114-->[:firebase_messaging] AndroidManifest.xml:40:17-82
115            <meta-data
115-->[:firebase_core] AndroidManifest.xml:11:13-13:85
116                android:name="com.google.firebase.components:io.flutter.plugins.firebase.core.FlutterFirebaseCoreRegistrar"
116-->[:firebase_core] AndroidManifest.xml:12:17-124
117                android:value="com.google.firebase.components.ComponentRegistrar" />
117-->[:firebase_core] AndroidManifest.xml:13:17-82
118            <meta-data
118-->[com.google.firebase:firebase-iid:21.1.0] AndroidManifest.xml:32:13-34:85
119                android:name="com.google.firebase.components:com.google.firebase.iid.Registrar"
119-->[com.google.firebase:firebase-iid:21.1.0] AndroidManifest.xml:33:17-96
120                android:value="com.google.firebase.components.ComponentRegistrar" />
120-->[com.google.firebase:firebase-iid:21.1.0] AndroidManifest.xml:34:17-82
121            <meta-data
121-->[com.google.firebase:firebase-messaging:23.1.0] AndroidManifest.xml:55:13-57:85
122                android:name="com.google.firebase.components:com.google.firebase.messaging.FirebaseMessagingRegistrar"
122-->[com.google.firebase:firebase-messaging:23.1.0] AndroidManifest.xml:56:17-119
123                android:value="com.google.firebase.components.ComponentRegistrar" />
123-->[com.google.firebase:firebase-messaging:23.1.0] AndroidManifest.xml:57:17-82
124            <meta-data
124-->[com.google.firebase:firebase-installations:17.1.0] AndroidManifest.xml:17:13-19:85
125                android:name="com.google.firebase.components:com.google.firebase.installations.FirebaseInstallationsRegistrar"
125-->[com.google.firebase:firebase-installations:17.1.0] AndroidManifest.xml:18:17-127
126                android:value="com.google.firebase.components.ComponentRegistrar" />
126-->[com.google.firebase:firebase-installations:17.1.0] AndroidManifest.xml:19:17-82
127            <meta-data
127-->[com.google.firebase:firebase-datatransport:18.1.7] AndroidManifest.xml:27:13-29:85
128                android:name="com.google.firebase.components:com.google.firebase.datatransport.TransportRegistrar"
128-->[com.google.firebase:firebase-datatransport:18.1.7] AndroidManifest.xml:28:17-115
129                android:value="com.google.firebase.components.ComponentRegistrar" />
129-->[com.google.firebase:firebase-datatransport:18.1.7] AndroidManifest.xml:29:17-82
130        </service>
131
132        <provider
132-->[:firebase_messaging] AndroidManifest.xml:43:9-47:38
133            android:name="io.flutter.plugins.firebase.messaging.FlutterFirebaseMessagingInitProvider"
133-->[:firebase_messaging] AndroidManifest.xml:44:13-102
134            android:authorities="www.ahecounselling.com.ahbms.flutterfirebasemessaginginitprovider"
134-->[:firebase_messaging] AndroidManifest.xml:45:13-88
135            android:exported="false"
135-->[:firebase_messaging] AndroidManifest.xml:46:13-37
136            android:initOrder="99" />
136-->[:firebase_messaging] AndroidManifest.xml:47:13-35
137        <provider
137-->[:image_picker_android] AndroidManifest.xml:10:9-18:20
138            android:name="io.flutter.plugins.imagepicker.ImagePickerFileProvider"
138-->[:image_picker_android] AndroidManifest.xml:11:13-82
139            android:authorities="www.ahecounselling.com.ahbms.flutter.image_provider"
139-->[:image_picker_android] AndroidManifest.xml:12:13-74
140            android:exported="false"
140-->[:image_picker_android] AndroidManifest.xml:13:13-37
141            android:grantUriPermissions="true" >
141-->[:image_picker_android] AndroidManifest.xml:14:13-47
142            <meta-data
142-->[:image_picker_android] AndroidManifest.xml:15:13-17:75
143                android:name="android.support.FILE_PROVIDER_PATHS"
143-->[:image_picker_android] AndroidManifest.xml:16:17-67
144                android:resource="@xml/flutter_image_picker_file_paths" />
144-->[:image_picker_android] AndroidManifest.xml:17:17-72
145        </provider>
146
147        <activity
147-->[:url_launcher_android] AndroidManifest.xml:10:9-13:74
148            android:name="io.flutter.plugins.urllauncher.WebViewActivity"
148-->[:url_launcher_android] AndroidManifest.xml:11:13-74
149            android:exported="false"
149-->[:url_launcher_android] AndroidManifest.xml:12:13-37
150            android:theme="@android:style/Theme.NoTitleBar.Fullscreen" />
150-->[:url_launcher_android] AndroidManifest.xml:13:13-71
151
152        <receiver
152-->[com.google.firebase:firebase-messaging:23.1.0] AndroidManifest.xml:31:9-38:20
153            android:name="com.google.firebase.iid.FirebaseInstanceIdReceiver"
153-->[com.google.firebase:firebase-messaging:23.1.0] AndroidManifest.xml:32:13-78
154            android:exported="true"
154-->[com.google.firebase:firebase-messaging:23.1.0] AndroidManifest.xml:33:13-36
155            android:permission="com.google.android.c2dm.permission.SEND" >
155-->[com.google.firebase:firebase-messaging:23.1.0] AndroidManifest.xml:34:13-73
156            <intent-filter>
156-->[:firebase_messaging] AndroidManifest.xml:32:13-34:29
157                <action android:name="com.google.android.c2dm.intent.RECEIVE" />
157-->[:firebase_messaging] AndroidManifest.xml:33:17-81
157-->[:firebase_messaging] AndroidManifest.xml:33:25-78
158            </intent-filter>
159        </receiver>
160        <!--
161             FirebaseMessagingService performs security checks at runtime,
162             but set to not exported to explicitly avoid allowing another app to call it.
163        -->
164        <service
164-->[com.google.firebase:firebase-messaging:23.1.0] AndroidManifest.xml:44:9-51:19
165            android:name="com.google.firebase.messaging.FirebaseMessagingService"
165-->[com.google.firebase:firebase-messaging:23.1.0] AndroidManifest.xml:45:13-82
166            android:directBootAware="true"
166-->[com.google.firebase:firebase-messaging:23.1.0] AndroidManifest.xml:46:13-43
167            android:exported="false" >
167-->[com.google.firebase:firebase-messaging:23.1.0] AndroidManifest.xml:47:13-37
168            <intent-filter android:priority="-500" >
168-->[:firebase_messaging] AndroidManifest.xml:23:13-25:29
169                <action android:name="com.google.firebase.MESSAGING_EVENT" />
169-->[:firebase_messaging] AndroidManifest.xml:24:17-78
169-->[:firebase_messaging] AndroidManifest.xml:24:25-75
170            </intent-filter>
171        </service>
172
173        <provider
173-->[com.google.firebase:firebase-common:20.2.0] AndroidManifest.xml:25:9-30:39
174            android:name="com.google.firebase.provider.FirebaseInitProvider"
174-->[com.google.firebase:firebase-common:20.2.0] AndroidManifest.xml:26:13-77
175            android:authorities="www.ahecounselling.com.ahbms.firebaseinitprovider"
175-->[com.google.firebase:firebase-common:20.2.0] AndroidManifest.xml:27:13-72
176            android:directBootAware="true"
176-->[com.google.firebase:firebase-common:20.2.0] AndroidManifest.xml:28:13-43
177            android:exported="false"
177-->[com.google.firebase:firebase-common:20.2.0] AndroidManifest.xml:29:13-37
178            android:initOrder="100" />
178-->[com.google.firebase:firebase-common:20.2.0] AndroidManifest.xml:30:13-36
179
180        <activity
180-->[com.google.android.gms:play-services-base:18.0.1] AndroidManifest.xml:20:9-22:45
181            android:name="com.google.android.gms.common.api.GoogleApiActivity"
181-->[com.google.android.gms:play-services-base:18.0.1] AndroidManifest.xml:20:19-85
182            android:exported="false"
182-->[com.google.android.gms:play-services-base:18.0.1] AndroidManifest.xml:22:19-43
183            android:theme="@android:style/Theme.Translucent.NoTitleBar" />
183-->[com.google.android.gms:play-services-base:18.0.1] AndroidManifest.xml:21:19-78
184
185        <meta-data
185-->[com.google.android.gms:play-services-basement:18.1.0] AndroidManifest.xml:21:9-23:69
186            android:name="com.google.android.gms.version"
186-->[com.google.android.gms:play-services-basement:18.1.0] AndroidManifest.xml:22:13-58
187            android:value="@integer/google_play_services_version" />
187-->[com.google.android.gms:play-services-basement:18.1.0] AndroidManifest.xml:23:13-66
188
189        <uses-library
189-->[androidx.window:window:1.0.0-beta04] AndroidManifest.xml:25:9-27:40
190            android:name="androidx.window.extensions"
190-->[androidx.window:window:1.0.0-beta04] AndroidManifest.xml:26:13-54
191            android:required="false" />
191-->[androidx.window:window:1.0.0-beta04] AndroidManifest.xml:27:13-37
192        <uses-library
192-->[androidx.window:window:1.0.0-beta04] AndroidManifest.xml:28:9-30:40
193            android:name="androidx.window.sidecar"
193-->[androidx.window:window:1.0.0-beta04] AndroidManifest.xml:29:13-51
194            android:required="false" />
194-->[androidx.window:window:1.0.0-beta04] AndroidManifest.xml:30:13-37
195
196        <service
196-->[com.google.android.datatransport:transport-backend-cct:3.1.8] AndroidManifest.xml:28:9-34:19
197            android:name="com.google.android.datatransport.runtime.backends.TransportBackendDiscovery"
197-->[com.google.android.datatransport:transport-backend-cct:3.1.8] AndroidManifest.xml:29:13-103
198            android:exported="false" >
198-->[com.google.android.datatransport:transport-backend-cct:3.1.8] AndroidManifest.xml:30:13-37
199            <meta-data
199-->[com.google.android.datatransport:transport-backend-cct:3.1.8] AndroidManifest.xml:31:13-33:39
200                android:name="backend:com.google.android.datatransport.cct.CctBackendFactory"
200-->[com.google.android.datatransport:transport-backend-cct:3.1.8] AndroidManifest.xml:32:17-94
201                android:value="cct" />
201-->[com.google.android.datatransport:transport-backend-cct:3.1.8] AndroidManifest.xml:33:17-36
202        </service>
203        <service
203-->[com.google.android.datatransport:transport-runtime:3.1.8] AndroidManifest.xml:26:9-30:19
204            android:name="com.google.android.datatransport.runtime.scheduling.jobscheduling.JobInfoSchedulerService"
204-->[com.google.android.datatransport:transport-runtime:3.1.8] AndroidManifest.xml:27:13-117
205            android:exported="false"
205-->[com.google.android.datatransport:transport-runtime:3.1.8] AndroidManifest.xml:28:13-37
206            android:permission="android.permission.BIND_JOB_SERVICE" >
206-->[com.google.android.datatransport:transport-runtime:3.1.8] AndroidManifest.xml:29:13-69
207        </service>
208
209        <receiver
209-->[com.google.android.datatransport:transport-runtime:3.1.8] AndroidManifest.xml:32:9-34:40
210            android:name="com.google.android.datatransport.runtime.scheduling.jobscheduling.AlarmManagerSchedulerBroadcastReceiver"
210-->[com.google.android.datatransport:transport-runtime:3.1.8] AndroidManifest.xml:33:13-132
211            android:exported="false" />
211-->[com.google.android.datatransport:transport-runtime:3.1.8] AndroidManifest.xml:34:13-37
212    </application>
213
214</manifest>